mode: set
github.com/sharedcode/sop/ai/dynamic/handle.go:26.36,31.2 1 1
github.com/sharedcode/sop/ai/dynamic/handle.go:34.40,35.19 1 1
github.com/sharedcode/sop/ai/dynamic/handle.go:35.19,37.3 1 1
github.com/sharedcode/sop/ai/dynamic/handle.go:38.2,38.22 1 1
github.com/sharedcode/sop/ai/dynamic/handle.go:42.42,43.19 1 1
github.com/sharedcode/sop/ai/dynamic/handle.go:43.19,45.3 1 1
github.com/sharedcode/sop/ai/dynamic/handle.go:46.2,46.22 1 1
github.com/sharedcode/sop/ai/dynamic/handle.go:50.37,52.2 1 1
github.com/sharedcode/sop/ai/dynamic/handle.go:55.42,57.2 1 1
github.com/sharedcode/sop/ai/dynamic/handle.go:60.33,62.2 1 1
github.com/sharedcode/sop/ai/dynamic/handle.go:65.36,66.19 1 1
github.com/sharedcode/sop/ai/dynamic/handle.go:66.19,68.3 1 1
github.com/sharedcode/sop/ai/dynamic/handle.go:68.8,70.3 1 1
github.com/sharedcode/sop/ai/dynamic/handle.go:74.33,78.2 1 1
github.com/sharedcode/sop/ai/dynamic/handle.go:81.42,85.2 1 1
github.com/sharedcode/sop/ai/dynamic/knowledge_base.go:17.124,19.2 1 1
github.com/sharedcode/sop/ai/dynamic/knowledge_base.go:22.142,24.2 1 1
github.com/sharedcode/sop/ai/dynamic/knowledge_base.go:27.136,29.2 1 1
github.com/sharedcode/sop/ai/dynamic/knowledge_base.go:32.74,34.2 1 1
github.com/sharedcode/sop/ai/dynamic/manager.go:24.119,32.2 1 1
github.com/sharedcode/sop/ai/dynamic/manager.go:38.134,39.24 1 1
github.com/sharedcode/sop/ai/dynamic/manager.go:39.24,41.27 2 1
github.com/sharedcode/sop/ai/dynamic/manager.go:41.27,43.4 1 1
github.com/sharedcode/sop/ai/dynamic/manager.go:43.9,45.4 1 1
github.com/sharedcode/sop/ai/dynamic/manager.go:46.3,48.17 3 1
github.com/sharedcode/sop/ai/dynamic/manager.go:48.17,50.4 1 1
github.com/sharedcode/sop/ai/dynamic/manager.go:51.3,51.45 1 1
github.com/sharedcode/sop/ai/dynamic/manager.go:54.2,55.16 2 1
github.com/sharedcode/sop/ai/dynamic/manager.go:55.16,57.3 1 1
github.com/sharedcode/sop/ai/dynamic/manager.go:59.2,60.16 2 1
github.com/sharedcode/sop/ai/dynamic/manager.go:60.16,62.3 1 1
github.com/sharedcode/sop/ai/dynamic/manager.go:64.2,72.16 4 1
github.com/sharedcode/sop/ai/dynamic/manager.go:72.16,74.3 1 0
github.com/sharedcode/sop/ai/dynamic/manager.go:79.2,80.16 2 1
github.com/sharedcode/sop/ai/dynamic/manager.go:80.16,82.12 2 1
github.com/sharedcode/sop/ai/dynamic/manager.go:82.12,84.30 2 1
github.com/sharedcode/sop/ai/dynamic/manager.go:84.30,88.17 4 1
github.com/sharedcode/sop/ai/dynamic/manager.go:88.17,90.83 2 1
github.com/sharedcode/sop/ai/dynamic/manager.go:90.83,92.7 1 0
github.com/sharedcode/sop/ai/dynamic/manager.go:98.2,98.12 1 1
github.com/sharedcode/sop/ai/dynamic/manager.go:102.103,104.16 2 1
github.com/sharedcode/sop/ai/dynamic/manager.go:104.16,106.3 1 1
github.com/sharedcode/sop/ai/dynamic/manager.go:108.2,109.23 2 1
github.com/sharedcode/sop/ai/dynamic/manager.go:109.23,111.58 2 1
github.com/sharedcode/sop/ai/dynamic/manager.go:111.58,113.4 1 1
github.com/sharedcode/sop/ai/dynamic/manager.go:114.3,114.37 1 1
github.com/sharedcode/sop/ai/dynamic/manager.go:117.2,118.16 2 1
github.com/sharedcode/sop/ai/dynamic/manager.go:118.16,120.3 1 1
github.com/sharedcode/sop/ai/dynamic/manager.go:122.2,132.16 4 1
github.com/sharedcode/sop/ai/dynamic/manager.go:132.16,134.3 1 1
github.com/sharedcode/sop/ai/dynamic/manager.go:135.2,135.17 1 1
github.com/sharedcode/sop/ai/dynamic/manager.go:141.66,143.16 2 1
github.com/sharedcode/sop/ai/dynamic/manager.go:143.16,145.3 1 1
github.com/sharedcode/sop/ai/dynamic/manager.go:147.2,148.23 2 1
github.com/sharedcode/sop/ai/dynamic/manager.go:148.23,152.49 2 1
github.com/sharedcode/sop/ai/dynamic/manager.go:152.49,154.18 2 1
github.com/sharedcode/sop/ai/dynamic/manager.go:154.18,156.5 1 1
github.com/sharedcode/sop/ai/dynamic/manager.go:158.3,158.37 1 1
github.com/sharedcode/sop/ai/dynamic/manager.go:161.2,161.12 1 1
github.com/sharedcode/sop/ai/dynamic/manager.go:166.95,167.55 1 1
github.com/sharedcode/sop/ai/dynamic/manager.go:167.55,169.3 1 1
github.com/sharedcode/sop/ai/dynamic/manager.go:171.2,172.16 2 1
github.com/sharedcode/sop/ai/dynamic/manager.go:172.16,174.3 1 0
github.com/sharedcode/sop/ai/dynamic/manager.go:176.2,179.23 3 1
github.com/sharedcode/sop/ai/dynamic/manager.go:179.23,181.48 2 1
github.com/sharedcode/sop/ai/dynamic/manager.go:181.48,183.21 2 1
github.com/sharedcode/sop/ai/dynamic/manager.go:183.21,185.5 1 1
github.com/sharedcode/sop/ai/dynamic/manager.go:187.3,187.34 1 1
github.com/sharedcode/sop/ai/dynamic/manager.go:190.2,190.29 1 1
github.com/sharedcode/sop/ai/dynamic/manager.go:190.29,192.3 1 1
github.com/sharedcode/sop/ai/dynamic/manager.go:195.2,198.16 4 1
github.com/sharedcode/sop/ai/dynamic/manager.go:198.16,200.3 1 1
github.com/sharedcode/sop/ai/dynamic/manager.go:202.2,207.30 4 1
github.com/sharedcode/sop/ai/dynamic/manager.go:207.30,209.16 2 1
github.com/sharedcode/sop/ai/dynamic/manager.go:209.16,210.12 1 1
github.com/sharedcode/sop/ai/dynamic/manager.go:212.3,213.20 2 1
github.com/sharedcode/sop/ai/dynamic/manager.go:213.20,214.12 1 0
github.com/sharedcode/sop/ai/dynamic/manager.go:217.3,218.12 2 1
github.com/sharedcode/sop/ai/dynamic/manager.go:218.12,221.4 2 1
github.com/sharedcode/sop/ai/dynamic/manager.go:224.2,224.26 1 1
github.com/sharedcode/sop/ai/dynamic/manager.go:224.26,226.3 1 1
github.com/sharedcode/sop/ai/dynamic/manager.go:228.2,229.16 2 1
github.com/sharedcode/sop/ai/dynamic/manager.go:229.16,231.3 1 0
github.com/sharedcode/sop/ai/dynamic/manager.go:234.2,234.34 1 1
github.com/sharedcode/sop/ai/dynamic/manager.go:234.34,245.33 5 1
github.com/sharedcode/sop/ai/dynamic/manager.go:245.33,247.22 2 1
github.com/sharedcode/sop/ai/dynamic/manager.go:247.22,250.5 2 1
github.com/sharedcode/sop/ai/dynamic/manager.go:254.3,254.33 1 1
github.com/sharedcode/sop/ai/dynamic/manager.go:254.33,256.18 2 1
github.com/sharedcode/sop/ai/dynamic/manager.go:256.18,257.13 1 0
github.com/sharedcode/sop/ai/dynamic/manager.go:260.4,268.18 4 1
github.com/sharedcode/sop/ai/dynamic/manager.go:268.18,269.13 1 0
github.com/sharedcode/sop/ai/dynamic/manager.go:273.4,274.17 2 1
github.com/sharedcode/sop/ai/dynamic/manager.go:274.17,277.39 3 1
github.com/sharedcode/sop/ai/dynamic/manager.go:277.39,279.80 1 1
github.com/sharedcode/sop/ai/dynamic/manager.go:279.80,281.7 1 1
github.com/sharedcode/sop/ai/dynamic/manager.go:281.12,283.7 1 0
github.com/sharedcode/sop/ai/dynamic/manager.go:285.5,287.36 2 1
github.com/sharedcode/sop/ai/dynamic/manager.go:287.36,289.6 1 1
github.com/sharedcode/sop/ai/dynamic/manager.go:290.5,290.59 1 1
github.com/sharedcode/sop/ai/dynamic/manager.go:293.4,294.26 2 1
github.com/sharedcode/sop/ai/dynamic/manager.go:298.2,300.32 3 1
github.com/sharedcode/sop/ai/dynamic/manager.go:300.32,303.3 2 1
github.com/sharedcode/sop/ai/dynamic/manager.go:305.2,305.12 1 1
github.com/sharedcode/sop/ai/dynamic/math.go:9.48,10.22 1 1
github.com/sharedcode/sop/ai/dynamic/math.go:10.22,12.3 1 0
github.com/sharedcode/sop/ai/dynamic/math.go:13.2,14.19 2 1
github.com/sharedcode/sop/ai/dynamic/math.go:14.19,17.3 2 1
github.com/sharedcode/sop/ai/dynamic/math.go:18.2,18.41 1 1
github.com/sharedcode/sop/ai/dynamic/math.go:22.47,23.37 1 1
github.com/sharedcode/sop/ai/dynamic/math.go:23.37,25.3 1 1
github.com/sharedcode/sop/ai/dynamic/math.go:26.2,27.19 2 1
github.com/sharedcode/sop/ai/dynamic/math.go:27.19,31.3 3 1
github.com/sharedcode/sop/ai/dynamic/math.go:32.2,32.24 1 1
github.com/sharedcode/sop/ai/dynamic/math.go:32.24,34.3 1 1
github.com/sharedcode/sop/ai/dynamic/math.go:35.2,35.82 1 1
github.com/sharedcode/sop/ai/dynamic/math.go:44.86,45.26 1 1
github.com/sharedcode/sop/ai/dynamic/math.go:45.26,47.3 1 0
github.com/sharedcode/sop/ai/dynamic/math.go:48.2,51.31 3 1
github.com/sharedcode/sop/ai/dynamic/math.go:51.31,53.18 2 1
github.com/sharedcode/sop/ai/dynamic/math.go:53.18,56.4 2 1
github.com/sharedcode/sop/ai/dynamic/math.go:58.2,58.25 1 1
github.com/sharedcode/sop/ai/dynamic/math.go:62.86,63.26 1 1
github.com/sharedcode/sop/ai/dynamic/math.go:63.26,65.3 1 1
github.com/sharedcode/sop/ai/dynamic/math.go:67.2,68.31 2 1
github.com/sharedcode/sop/ai/dynamic/math.go:68.31,73.3 1 1
github.com/sharedcode/sop/ai/dynamic/math.go:75.2,75.45 1 1
github.com/sharedcode/sop/ai/dynamic/math.go:75.45,77.3 1 1
github.com/sharedcode/sop/ai/dynamic/math.go:79.2,79.25 1 1
github.com/sharedcode/sop/ai/dynamic/math.go:79.25,81.3 1 1
github.com/sharedcode/sop/ai/dynamic/math.go:83.2,84.31 2 1
github.com/sharedcode/sop/ai/dynamic/math.go:84.31,86.3 1 1
github.com/sharedcode/sop/ai/dynamic/math.go:87.2,87.15 1 1
github.com/sharedcode/sop/ai/dynamic/store.go:28.25,35.2 1 1
github.com/sharedcode/sop/ai/dynamic/store.go:37.51,39.2 1 1
github.com/sharedcode/sop/ai/dynamic/store.go:41.37,43.2 1 1
github.com/sharedcode/sop/ai/dynamic/store.go:45.71,47.16 2 1
github.com/sharedcode/sop/ai/dynamic/store.go:47.16,49.3 1 0
github.com/sharedcode/sop/ai/dynamic/store.go:52.2,55.16 4 1
github.com/sharedcode/sop/ai/dynamic/store.go:55.16,57.3 1 0
github.com/sharedcode/sop/ai/dynamic/store.go:58.2,58.9 1 1
github.com/sharedcode/sop/ai/dynamic/store.go:58.9,61.19 2 1
github.com/sharedcode/sop/ai/dynamic/store.go:61.19,62.95 1 1
github.com/sharedcode/sop/ai/dynamic/store.go:62.95,64.28 2 1
github.com/sharedcode/sop/ai/dynamic/store.go:64.28,66.6 1 0
github.com/sharedcode/sop/ai/dynamic/store.go:67.5,67.33 1 1
github.com/sharedcode/sop/ai/dynamic/store.go:67.33,69.6 1 0
github.com/sharedcode/sop/ai/dynamic/store.go:72.3,72.15 1 1
github.com/sharedcode/sop/ai/dynamic/store.go:72.15,78.4 1 1
github.com/sharedcode/sop/ai/dynamic/store.go:79.3,80.17 2 1
github.com/sharedcode/sop/ai/dynamic/store.go:80.17,82.4 1 0
github.com/sharedcode/sop/ai/dynamic/store.go:83.3,84.15 2 1
github.com/sharedcode/sop/ai/dynamic/store.go:85.8,86.7 1 1
github.com/sharedcode/sop/ai/dynamic/store.go:86.7,88.30 2 1
github.com/sharedcode/sop/ai/dynamic/store.go:88.30,90.42 2 1
github.com/sharedcode/sop/ai/dynamic/store.go:90.42,93.6 2 1
github.com/sharedcode/sop/ai/dynamic/store.go:95.4,96.33 2 1
github.com/sharedcode/sop/ai/dynamic/store.go:96.33,97.10 1 1
github.com/sharedcode/sop/ai/dynamic/store.go:102.3,102.38 1 1
github.com/sharedcode/sop/ai/dynamic/store.go:102.38,103.95 1 1
github.com/sharedcode/sop/ai/dynamic/store.go:103.95,104.33 1 1
github.com/sharedcode/sop/ai/dynamic/store.go:104.33,106.6 1 0
github.com/sharedcode/sop/ai/dynamic/store.go:107.5,107.38 1 1
github.com/sharedcode/sop/ai/dynamic/store.go:107.38,109.6 1 0
github.com/sharedcode/sop/ai/dynamic/store.go:110.5,110.63 1 1
github.com/sharedcode/sop/ai/dynamic/store.go:110.63,114.6 2 1
github.com/sharedcode/sop/ai/dynamic/store.go:120.2,133.16 5 1
github.com/sharedcode/sop/ai/dynamic/store.go:133.16,135.3 1 0
github.com/sharedcode/sop/ai/dynamic/store.go:138.2,139.16 2 1
github.com/sharedcode/sop/ai/dynamic/store.go:139.16,141.3 1 0
github.com/sharedcode/sop/ai/dynamic/store.go:143.2,143.15 1 1
github.com/sharedcode/sop/ai/dynamic/store.go:143.15,145.17 2 0
github.com/sharedcode/sop/ai/dynamic/store.go:145.17,147.4 1 0
github.com/sharedcode/sop/ai/dynamic/store.go:148.3,150.17 3 0
github.com/sharedcode/sop/ai/dynamic/store.go:150.17,152.4 1 0
github.com/sharedcode/sop/ai/dynamic/store.go:153.8,160.17 3 1
github.com/sharedcode/sop/ai/dynamic/store.go:160.17,162.4 1 0
github.com/sharedcode/sop/ai/dynamic/store.go:166.2,166.24 1 1
github.com/sharedcode/sop/ai/dynamic/store.go:166.24,169.17 3 1
github.com/sharedcode/sop/ai/dynamic/store.go:169.17,171.4 1 0
github.com/sharedcode/sop/ai/dynamic/store.go:174.2,174.12 1 1
github.com/sharedcode/sop/ai/dynamic/store.go:177.75,179.16 2 1
github.com/sharedcode/sop/ai/dynamic/store.go:179.16,181.3 1 0
github.com/sharedcode/sop/ai/dynamic/store.go:182.2,182.12 1 1
github.com/sharedcode/sop/ai/dynamic/store.go:182.12,184.3 1 0
github.com/sharedcode/sop/ai/dynamic/store.go:186.2,187.16 2 1
github.com/sharedcode/sop/ai/dynamic/store.go:187.16,189.3 1 0
github.com/sharedcode/sop/ai/dynamic/store.go:192.2,192.37 1 1
github.com/sharedcode/sop/ai/dynamic/store.go:192.37,194.17 2 1
github.com/sharedcode/sop/ai/dynamic/store.go:194.17,196.4 1 0
github.com/sharedcode/sop/ai/dynamic/store.go:200.2,201.12 2 1
github.com/sharedcode/sop/ai/dynamic/store.go:204.79,205.29 1 1
github.com/sharedcode/sop/ai/dynamic/store.go:205.29,206.45 1 1
github.com/sharedcode/sop/ai/dynamic/store.go:206.45,208.4 1 0
github.com/sharedcode/sop/ai/dynamic/store.go:210.2,210.12 1 1
github.com/sharedcode/sop/ai/dynamic/store.go:213.76,215.16 2 1
github.com/sharedcode/sop/ai/dynamic/store.go:215.16,217.3 1 0
github.com/sharedcode/sop/ai/dynamic/store.go:218.2,218.12 1 1
github.com/sharedcode/sop/ai/dynamic/store.go:218.12,220.3 1 1
github.com/sharedcode/sop/ai/dynamic/store.go:222.2,223.16 2 1
github.com/sharedcode/sop/ai/dynamic/store.go:223.16,225.3 1 0
github.com/sharedcode/sop/ai/dynamic/store.go:227.2,227.19 1 1
github.com/sharedcode/sop/ai/dynamic/store.go:230.67,232.2 1 1
github.com/sharedcode/sop/ai/dynamic/store.go:234.111,237.16 3 1
github.com/sharedcode/sop/ai/dynamic/store.go:237.16,239.3 1 0
github.com/sharedcode/sop/ai/dynamic/store.go:240.2,240.9 1 1
github.com/sharedcode/sop/ai/dynamic/store.go:240.9,242.3 1 0
github.com/sharedcode/sop/ai/dynamic/store.go:245.2,245.6 1 1
github.com/sharedcode/sop/ai/dynamic/store.go:245.6,247.29 2 1
github.com/sharedcode/sop/ai/dynamic/store.go:247.29,249.4 1 1
github.com/sharedcode/sop/ai/dynamic/store.go:250.3,251.32 2 1
github.com/sharedcode/sop/ai/dynamic/store.go:251.32,252.9 1 1
github.com/sharedcode/sop/ai/dynamic/store.go:257.2,258.25 2 1
github.com/sharedcode/sop/ai/dynamic/store.go:258.25,260.3 1 0
github.com/sharedcode/sop/ai/dynamic/store.go:262.2,267.16 3 1
github.com/sharedcode/sop/ai/dynamic/store.go:267.16,269.3 1 0
github.com/sharedcode/sop/ai/dynamic/store.go:271.2,272.8 2 1
github.com/sharedcode/sop/ai/dynamic/store.go:272.8,273.7 1 1
github.com/sharedcode/sop/ai/dynamic/store.go:273.7,276.55 2 1
github.com/sharedcode/sop/ai/dynamic/store.go:276.55,278.19 2 1
github.com/sharedcode/sop/ai/dynamic/store.go:278.19,280.6 1 1
github.com/sharedcode/sop/ai/dynamic/store.go:283.4,284.33 2 1
github.com/sharedcode/sop/ai/dynamic/store.go:284.33,285.10 1 1
github.com/sharedcode/sop/ai/dynamic/store.go:291.2,291.36 1 1
github.com/sharedcode/sop/ai/dynamic/store.go:291.36,293.30 2 1
github.com/sharedcode/sop/ai/dynamic/store.go:293.30,295.18 2 1
github.com/sharedcode/sop/ai/dynamic/store.go:295.18,298.43 1 1
github.com/sharedcode/sop/ai/dynamic/store.go:298.43,304.6 1 1
github.com/sharedcode/sop/ai/dynamic/store.go:310.2,310.33 1 1
github.com/sharedcode/sop/ai/dynamic/store.go:310.33,311.38 1 1
github.com/sharedcode/sop/ai/dynamic/store.go:311.38,312.37 1 1
github.com/sharedcode/sop/ai/dynamic/store.go:312.37,314.5 1 0
github.com/sharedcode/sop/ai/dynamic/store.go:318.2,318.19 1 1
github.com/sharedcode/sop/ai/dynamic/store.go:318.19,320.3 1 0
github.com/sharedcode/sop/ai/dynamic/store.go:321.2,321.18 1 1
github.com/sharedcode/sop/ai/dynamic/store.go:324.62,326.2 1 1
github.com/sharedcode/sop/ai/dynamic/store.go:328.103,330.2 1 1
github.com/sharedcode/sop/ai/dynamic/store.go:332.59,334.2 1 1
github.com/sharedcode/sop/ai/dynamic/store.go:336.113,338.2 1 1
github.com/sharedcode/sop/ai/dynamic/store.go:340.51,342.2 1 1
github.com/sharedcode/sop/ai/dynamic/store.go:344.98,346.2 1 1
github.com/sharedcode/sop/ai/dynamic/store.go:348.96,350.2 1 1
github.com/sharedcode/sop/ai/dynamic/store.go:352.64,354.2 1 1
github.com/sharedcode/sop/ai/dynamic/store.go:357.113,358.24 1 1
github.com/sharedcode/sop/ai/dynamic/store.go:358.24,360.3 1 0
github.com/sharedcode/sop/ai/dynamic/store.go:362.2,363.16 2 1
github.com/sharedcode/sop/ai/dynamic/store.go:363.16,365.3 1 0
github.com/sharedcode/sop/ai/dynamic/store.go:367.2,368.36 2 1
github.com/sharedcode/sop/ai/dynamic/store.go:368.36,369.24 1 1
github.com/sharedcode/sop/ai/dynamic/store.go:369.24,370.9 1 0
github.com/sharedcode/sop/ai/dynamic/store.go:374.3,375.17 2 1
github.com/sharedcode/sop/ai/dynamic/store.go:375.17,376.12 1 0
github.com/sharedcode/sop/ai/dynamic/store.go:378.3,380.30 3 1
github.com/sharedcode/sop/ai/dynamic/store.go:380.30,382.18 2 1
github.com/sharedcode/sop/ai/dynamic/store.go:382.18,384.42 2 1
github.com/sharedcode/sop/ai/dynamic/store.go:384.42,385.14 1 0
github.com/sharedcode/sop/ai/dynamic/store.go:390.3,394.5 1 1
github.com/sharedcode/sop/ai/dynamic/store.go:396.2,396.21 1 1
github.com/sharedcode/sop/ai/dynamic/store_categories.go:13.84,14.14 1 1
github.com/sharedcode/sop/ai/dynamic/store_categories.go:14.14,16.3 1 1
github.com/sharedcode/sop/ai/dynamic/store_categories.go:19.2,19.18 1 1
github.com/sharedcode/sop/ai/dynamic/store_categories.go:19.18,21.3 1 0
github.com/sharedcode/sop/ai/dynamic/store_categories.go:24.2,25.16 2 1
github.com/sharedcode/sop/ai/dynamic/store_categories.go:25.16,27.3 1 0
github.com/sharedcode/sop/ai/dynamic/store_categories.go:28.2,28.9 1 1
github.com/sharedcode/sop/ai/dynamic/store_categories.go:28.9,30.3 1 1
github.com/sharedcode/sop/ai/dynamic/store_categories.go:33.2,33.26 1 1
github.com/sharedcode/sop/ai/dynamic/store_categories.go:33.26,35.27 2 1
github.com/sharedcode/sop/ai/dynamic/store_categories.go:35.27,37.18 2 1
github.com/sharedcode/sop/ai/dynamic/store_categories.go:37.18,39.5 1 0
github.com/sharedcode/sop/ai/dynamic/store_categories.go:40.4,40.10 1 1
github.com/sharedcode/sop/ai/dynamic/store_categories.go:40.10,42.19 2 1
github.com/sharedcode/sop/ai/dynamic/store_categories.go:42.19,44.6 1 0
github.com/sharedcode/sop/ai/dynamic/store_categories.go:46.5,48.19 3 1
github.com/sharedcode/sop/ai/dynamic/store_categories.go:48.19,50.6 1 0
github.com/sharedcode/sop/ai/dynamic/store_categories.go:55.2,55.18 1 1
github.com/sharedcode/sop/ai/dynamic/store_categories.go:60.112,61.54 1 1
github.com/sharedcode/sop/ai/dynamic/store_categories.go:61.54,63.3 1 1
github.com/sharedcode/sop/ai/dynamic/store_categories.go:66.2,67.16 2 1
github.com/sharedcode/sop/ai/dynamic/store_categories.go:67.16,69.3 1 0
github.com/sharedcode/sop/ai/dynamic/store_categories.go:70.2,70.9 1 1
github.com/sharedcode/sop/ai/dynamic/store_categories.go:70.9,72.3 1 1
github.com/sharedcode/sop/ai/dynamic/store_categories.go:74.2,75.16 2 1
github.com/sharedcode/sop/ai/dynamic/store_categories.go:75.16,77.3 1 0
github.com/sharedcode/sop/ai/dynamic/store_categories.go:80.2,80.39 1 1
github.com/sharedcode/sop/ai/dynamic/store_categories.go:80.39,81.39 1 1
github.com/sharedcode/sop/ai/dynamic/store_categories.go:81.39,84.4 1 1
github.com/sharedcode/sop/ai/dynamic/store_categories.go:88.2,89.16 2 1
github.com/sharedcode/sop/ai/dynamic/store_categories.go:89.16,91.3 1 0
github.com/sharedcode/sop/ai/dynamic/store_categories.go:92.2,92.9 1 1
github.com/sharedcode/sop/ai/dynamic/store_categories.go:92.9,94.3 1 1
github.com/sharedcode/sop/ai/dynamic/store_categories.go:96.2,97.16 2 1
github.com/sharedcode/sop/ai/dynamic/store_categories.go:97.16,99.3 1 0
github.com/sharedcode/sop/ai/dynamic/store_categories.go:102.2,102.41 1 1
github.com/sharedcode/sop/ai/dynamic/store_categories.go:102.41,103.24 1 0
github.com/sharedcode/sop/ai/dynamic/store_categories.go:103.24,105.4 1 0
github.com/sharedcode/sop/ai/dynamic/store_categories.go:109.2,111.16 3 1
github.com/sharedcode/sop/ai/dynamic/store_categories.go:111.16,113.3 1 0
github.com/sharedcode/sop/ai/dynamic/store_categories.go:116.2,117.23 2 1
github.com/sharedcode/sop/ai/dynamic/store_categories.go:117.23,119.3 1 0
github.com/sharedcode/sop/ai/dynamic/store_categories.go:121.2,123.16 3 1
github.com/sharedcode/sop/ai/dynamic/store_categories.go:123.16,125.3 1 0
github.com/sharedcode/sop/ai/dynamic/store_categories.go:127.2,127.12 1 1
github.com/sharedcode/sop/ai/dynamic/store_categories.go:131.119,133.23 2 1
github.com/sharedcode/sop/ai/dynamic/store_categories.go:133.23,135.3 1 0
github.com/sharedcode/sop/ai/dynamic/store_categories.go:136.2,137.16 2 1
github.com/sharedcode/sop/ai/dynamic/store_categories.go:137.16,139.3 1 0
github.com/sharedcode/sop/ai/dynamic/store_categories.go:141.2,141.39 1 1
github.com/sharedcode/sop/ai/dynamic/store_categories.go:141.39,142.43 1 1
github.com/sharedcode/sop/ai/dynamic/store_categories.go:142.43,144.9 2 1
github.com/sharedcode/sop/ai/dynamic/store_categories.go:148.2,149.12 2 1
github.com/sharedcode/sop/ai/database/database.go:31.56,39.2 4 1
github.com/sharedcode/sop/ai/database/database.go:42.65,50.2 4 0
github.com/sharedcode/sop/ai/database/database.go:53.41,55.2 1 1
github.com/sharedcode/sop/ai/database/database.go:58.51,60.2 1 0
github.com/sharedcode/sop/ai/database/database.go:63.42,64.38 1 1
github.com/sharedcode/sop/ai/database/database.go:64.38,66.3 1 1
github.com/sharedcode/sop/ai/database/database.go:67.2,67.11 1 0
github.com/sharedcode/sop/ai/database/database.go:71.72,73.2 1 1
github.com/sharedcode/sop/ai/database/database.go:76.49,78.2 1 1
github.com/sharedcode/sop/ai/database/database.go:81.46,83.2 1 1
github.com/sharedcode/sop/ai/database/database.go:86.136,89.2 2 1
github.com/sharedcode/sop/ai/database/database.go:93.81,96.111 1 0
github.com/sharedcode/sop/ai/database/database.go:96.111,98.47 2 0
github.com/sharedcode/sop/ai/database/database.go:98.47,100.4 1 0
github.com/sharedcode/sop/ai/database/database.go:100.9,100.33 1 0
github.com/sharedcode/sop/ai/database/database.go:100.33,103.4 1 0
github.com/sharedcode/sop/ai/database/database.go:103.9,105.4 1 0
github.com/sharedcode/sop/ai/database/database.go:108.2,109.16 2 0
github.com/sharedcode/sop/ai/database/database.go:109.16,111.3 1 0
github.com/sharedcode/sop/ai/database/database.go:112.2,118.29 5 0
github.com/sharedcode/sop/ai/database/database.go:122.50,124.2 1 0
github.com/sharedcode/sop/ai/database/database.go:127.112,128.28 1 1
github.com/sharedcode/sop/ai/database/database.go:128.28,129.61 1 1
github.com/sharedcode/sop/ai/database/database.go:129.61,131.4 1 0
github.com/sharedcode/sop/ai/database/database.go:133.2,133.32 1 1
github.com/sharedcode/sop/ai/database/database.go:137.127,138.28 1 0
github.com/sharedcode/sop/ai/database/database.go:138.28,139.61 1 0
github.com/sharedcode/sop/ai/database/database.go:139.61,141.4 1 0
github.com/sharedcode/sop/ai/database/database.go:143.2,143.70 1 0
github.com/sharedcode/sop/ai/database/database.go:147.126,148.28 1 0
github.com/sharedcode/sop/ai/database/database.go:148.28,149.61 1 0
github.com/sharedcode/sop/ai/database/database.go:149.61,151.4 1 0
github.com/sharedcode/sop/ai/database/database.go:153.2,153.69 1 0
github.com/sharedcode/sop/ai/database/database.go:157.133,158.28 1 0
github.com/sharedcode/sop/ai/database/database.go:158.28,159.61 1 0
github.com/sharedcode/sop/ai/database/database.go:159.61,161.4 1 0
github.com/sharedcode/sop/ai/database/database.go:163.2,163.76 1 0
github.com/sharedcode/sop/ai/database/database.go:167.149,168.28 1 1
github.com/sharedcode/sop/ai/database/database.go:168.28,169.61 1 1
github.com/sharedcode/sop/ai/database/database.go:169.61,171.4 1 0
github.com/sharedcode/sop/ai/database/database.go:175.2,175.83 1 1
github.com/sharedcode/sop/ai/database/database.go:175.83,177.3 1 1
github.com/sharedcode/sop/ai/database/database.go:178.2,178.83 1 1
github.com/sharedcode/sop/ai/database/database.go:178.83,180.3 1 0
github.com/sharedcode/sop/ai/database/database.go:181.2,181.43 1 1
github.com/sharedcode/sop/ai/database/database.go:181.43,183.3 1 1
github.com/sharedcode/sop/ai/database/database.go:184.2,184.22 1 1
github.com/sharedcode/sop/ai/database/database.go:184.22,186.3 1 1
github.com/sharedcode/sop/ai/database/database.go:187.2,187.55 1 1
github.com/sharedcode/sop/ai/database/database.go:191.108,192.28 1 1
github.com/sharedcode/sop/ai/database/database.go:192.28,193.61 1 1
github.com/sharedcode/sop/ai/database/database.go:193.61,195.4 1 0
github.com/sharedcode/sop/ai/database/database.go:197.2,197.49 1 1
github.com/sharedcode/sop/ai/database/database.go:201.78,203.2 1 0
github.com/sharedcode/sop/ai/database/database.go:206.79,216.34 4 0
github.com/sharedcode/sop/ai/database/database.go:216.34,217.97 1 0
github.com/sharedcode/sop/ai/database/database.go:217.97,219.4 1 0
github.com/sharedcode/sop/ai/database/database.go:224.2,225.16 2 0
github.com/sharedcode/sop/ai/database/database.go:225.16,227.17 2 0
github.com/sharedcode/sop/ai/database/database.go:227.17,230.40 2 0
github.com/sharedcode/sop/ai/database/database.go:230.40,232.116 2 0
github.com/sharedcode/sop/ai/database/database.go:232.116,234.6 1 0
github.com/sharedcode/sop/ai/database/database.go:234.11,236.6 1 0
github.com/sharedcode/sop/ai/database/database.go:237.5,237.122 1 0
github.com/sharedcode/sop/ai/database/database.go:237.122,239.6 1 0
github.com/sharedcode/sop/ai/database/database.go:239.11,241.6 1 0
github.com/sharedcode/sop/ai/database/database.go:242.5,242.117 1 0
github.com/sharedcode/sop/ai/database/database.go:242.117,244.6 1 0
github.com/sharedcode/sop/ai/database/database.go:244.11,246.6 1 0
github.com/sharedcode/sop/ai/database/database.go:248.5,250.13 2 0
github.com/sharedcode/sop/ai/database/database.go:254.4,254.18 1 0
github.com/sharedcode/sop/ai/database/database.go:254.18,256.5 1 0
github.com/sharedcode/sop/ai/database/database.go:259.4,260.29 2 0
github.com/sharedcode/sop/ai/database/database.go:260.29,262.5 1 0
github.com/sharedcode/sop/ai/database/database.go:265.4,265.19 1 0
github.com/sharedcode/sop/ai/database/database.go:265.19,267.30 2 0
github.com/sharedcode/sop/ai/database/database.go:267.30,269.6 1 0
github.com/sharedcode/sop/ai/database/database.go:273.4,274.29 2 0
github.com/sharedcode/sop/ai/database/database.go:274.29,276.5 1 0
github.com/sharedcode/sop/ai/database/database.go:279.3,279.26 1 0
github.com/sharedcode/sop/ai/database/database.go:283.2,283.15 1 0
github.com/sharedcode/sop/ai/database/database.go:283.15,285.3 1 0
github.com/sharedcode/sop/ai/database/database.go:287.2,287.16 1 0
github.com/sharedcode/sop/ai/database/database.go:291.74,293.27 2 0
github.com/sharedcode/sop/ai/database/database.go:293.27,294.65 1 0
github.com/sharedcode/sop/ai/database/database.go:294.65,296.4 1 0
github.com/sharedcode/sop/ai/database/database.go:299.2,306.34 2 0
github.com/sharedcode/sop/ai/database/database.go:306.34,308.3 1 0
github.com/sharedcode/sop/ai/database/database.go:309.2,309.16 1 0
github.com/sharedcode/sop/ai/database/database.go:313.70,315.2 1 0
github.com/sharedcode/sop/ai/database/database.go:318.71,320.2 1 0
github.com/sharedcode/sop/ai/database/database.go:322.83,324.16 2 0
github.com/sharedcode/sop/ai/database/database.go:324.16,326.3 1 0
github.com/sharedcode/sop/ai/database/database.go:327.2,332.9 2 0
github.com/sharedcode/sop/ai/database/database.go:332.9,334.17 2 0
github.com/sharedcode/sop/ai/database/database.go:334.17,336.4 1 0
github.com/sharedcode/sop/ai/database/database.go:338.3,340.35 3 0
github.com/sharedcode/sop/ai/database/database.go:340.35,341.15 1 0
github.com/sharedcode/sop/ai/database/database.go:341.15,343.38 1 0
github.com/sharedcode/sop/ai/database/database.go:343.38,345.6 1 0
github.com/sharedcode/sop/ai/database/database.go:346.10,348.37 1 0
github.com/sharedcode/sop/ai/database/database.go:348.37,350.50 2 0
github.com/sharedcode/sop/ai/database/database.go:350.50,353.7 2 0
github.com/sharedcode/sop/ai/database/database.go:357.3,357.22 1 0
github.com/sharedcode/sop/ai/database/database.go:357.22,359.4 1 0
github.com/sharedcode/sop/ai/database/database.go:360.3,360.32 1 0
github.com/sharedcode/sop/ai/database/database.go:363.2,363.77 1 0
github.com/sharedcode/sop/ai/database/dynamic.go:14.38,16.2 1 0
github.com/sharedcode/sop/ai/database/dynamic.go:18.52,19.57 1 0
github.com/sharedcode/sop/ai/database/dynamic.go:19.57,21.3 1 0
github.com/sharedcode/sop/ai/database/dynamic.go:22.2,22.49 1 0
github.com/sharedcode/sop/ai/database/dynamic.go:22.49,24.3 1 0
github.com/sharedcode/sop/ai/database/dynamic.go:25.2,25.49 1 0
github.com/sharedcode/sop/ai/database/dynamic.go:25.49,27.3 1 0
github.com/sharedcode/sop/ai/database/dynamic.go:28.2,28.39 1 0
github.com/sharedcode/sop/ai/database/dynamic.go:39.51,44.16 3 0
github.com/sharedcode/sop/ai/database/dynamic.go:44.16,45.118 1 0
github.com/sharedcode/sop/ai/database/dynamic.go:45.118,47.4 1 0
github.com/sharedcode/sop/ai/database/dynamic.go:48.3,48.17 1 0
github.com/sharedcode/sop/ai/database/dynamic.go:48.17,50.4 1 0
github.com/sharedcode/sop/ai/database/dynamic.go:54.2,56.16 3 0
github.com/sharedcode/sop/ai/database/dynamic.go:56.16,57.118 1 0
github.com/sharedcode/sop/ai/database/dynamic.go:57.118,59.4 1 0
github.com/sharedcode/sop/ai/database/dynamic.go:60.3,60.17 1 0
github.com/sharedcode/sop/ai/database/dynamic.go:60.17,62.4 1 0
github.com/sharedcode/sop/ai/database/dynamic.go:66.2,68.16 3 0
github.com/sharedcode/sop/ai/database/dynamic.go:68.16,69.119 1 0
github.com/sharedcode/sop/ai/database/dynamic.go:69.119,71.4 1 0
github.com/sharedcode/sop/ai/database/dynamic.go:72.3,72.17 1 0
github.com/sharedcode/sop/ai/database/dynamic.go:72.17,74.4 1 0
github.com/sharedcode/sop/ai/database/dynamic.go:78.2,81.36 3 0
github.com/sharedcode/sop/ai/database/dynamic.go:81.36,82.72 1 0
github.com/sharedcode/sop/ai/database/dynamic.go:82.72,84.4 1 0
github.com/sharedcode/sop/ai/database/dynamic.go:87.2,92.8 2 0
